<?xml version="1.0" encoding="UTF-8"?>
<testsuite xmlns:xsi="http://www.w3.org/2001/XMLSchema-instance" xsi:noNamespaceSchemaLocation="https://maven.apache.org/surefire/maven-surefire-plugin/xsd/surefire-test-report.xsd" name="TestSuite" time="19.731" tests="9" errors="0" skipped="8" failures="1">
  <properties>
[...]
</properties>
  <testcase name="Login" classname="com.crm.test.ContactPageTest" time="18.434">
    <failure message="session not created: This version of ChromeDriver only supports Chrome version 80&#10;Build info: version: &apos;3.13.0&apos;, revision: &apos;2f0d292&apos;, time: &apos;2018-06-25T15:24:21.231Z&apos;&#10;System info: host: &apos;CYRINE&apos;, ip: &apos;192.168.1.7&apos;, os.name: &apos;Windows 10&apos;, os.arch: &apos;x86&apos;, os.version: &apos;10.0&apos;, java.version: &apos;1.8.0_231&apos;&#10;Driver info: driver.version: ChromeDriver&#10;remote stacktrace: Backtrace:&#10;	Ordinal0 [0x00FB0C83+1707139]&#10;	Ordinal0 [0x00F168F1+1075441]&#10;	Ordinal0 [0x00E8DFC9+516041]&#10;	Ordinal0 [0x00E20554+66900]&#10;	Ordinal0 [0x00E1CCE2+52450]&#10;	Ordinal0 [0x00E3BFD7+180183]&#10;	Ordinal0 [0x00E3BDDD+179677]&#10;	Ordinal0 [0x00E39D4B+171339]&#10;	Ordinal0 [0x00E21D4A+73034]&#10;	Ordinal0 [0x00E22DC0+77248]&#10;	Ordinal0 [0x00E22D59+77145]&#10;	Ordinal0 [0x00F2BB67+1162087]&#10;	GetHandleVerifier [0x0104A966+508998]&#10;	GetHandleVerifier [0x0104A6A4+508292]&#10;	GetHandleVerifier [0x0105F7B7+594583]&#10;	GetHandleVerifier [0x0104B1D6+511158]&#10;	Ordinal0 [0x00F2402C+1130540]&#10;	Ordinal0 [0x00F2D4CB+1168587]&#10;	Ordinal0 [0x00F2D633+1168947]&#10;	Ordinal0 [0x00F45B35+1268533]&#10;	BaseThreadInitThunk [0x747C6359+25]&#10;	RtlGetAppContainerNamedObjectPath [0x76FC7C24+228]&#10;	RtlGetAppContainerNamedObjectPath [0x76FC7BF4+180]&#10;" type="org.openqa.selenium.SessionNotCreatedException">org.openqa.selenium.SessionNotCreatedException: 
session not created: This version of ChromeDriver only supports Chrome version 80
Build info: version: '3.13.0', revision: '2f0d292', time: '2018-06-25T15:24:21.231Z'
System info: host: 'CYRINE', ip: '192.168.1.7', os.name: 'Windows 10', os.arch: 'x86', os.version: '10.0', java.version: '1.8.0_231'
Driver info: driver.version: ChromeDriver
remote stacktrace: Backtrace:
	Ordinal0 [0x00FB0C83+1707139]
	Ordinal0 [0x00F168F1+1075441]
	Ordinal0 [0x00E8DFC9+516041]
	Ordinal0 [0x00E20554+66900]
	Ordinal0 [0x00E1CCE2+52450]
	Ordinal0 [0x00E3BFD7+180183]
	Ordinal0 [0x00E3BDDD+179677]
	Ordinal0 [0x00E39D4B+171339]
	Ordinal0 [0x00E21D4A+73034]
	Ordinal0 [0x00E22DC0+77248]
	Ordinal0 [0x00E22D59+77145]
	Ordinal0 [0x00F2BB67+1162087]
	GetHandleVerifier [0x0104A966+508998]
	GetHandleVerifier [0x0104A6A4+508292]
	GetHandleVerifier [0x0105F7B7+594583]
	GetHandleVerifier [0x0104B1D6+511158]
	Ordinal0 [0x00F2402C+1130540]
	Ordinal0 [0x00F2D4CB+1168587]
	Ordinal0 [0x00F2D633+1168947]
	Ordinal0 [0x00F45B35+1268533]
	BaseThreadInitThunk [0x747C6359+25]
	RtlGetAppContainerNamedObjectPath [0x76FC7C24+228]
	RtlGetAppContainerNamedObjectPath [0x76FC7BF4+180]

	at com.crm.test.ContactPageTest.Login(ContactPageTest.java:32)
</failure>
  </testcase>
  <testcase name="Login" classname="com.crm.test.ContactPageTest" time="0">
    <skipped/>
  </testcase>
  <testcase name="Login" classname="com.crm.test.ContactPageTest" time="0">
    <skipped/>
  </testcase>
  <testcase name="addContact" classname="com.crm.test.ContactPageTest" time="0">
    <skipped/>
  </testcase>
  <testcase name="addContact" classname="com.crm.test.ContactPageTest" time="0">
    <skipped/>
  </testcase>
  <testcase name="addContact" classname="com.crm.test.ContactPageTest" time="0">
    <skipped/>
  </testcase>
  <testcase name="down" classname="com.crm.test.ContactPageTest" time="0">
    <skipped/>
  </testcase>
  <testcase name="down" classname="com.crm.test.ContactPageTest" time="0">
    <skipped/>
  </testcase>
  <testcase name="down" classname="com.crm.test.ContactPageTest" time="0">
    <skipped/>
  </testcase>
</testsuite>