<?xml version="1.0" encoding="UTF-8"?>
<testng-results skipped="3" failed="0" total="3" passed="0">
  <reporter-output>
  </reporter-output>
  <suite name="Suite CRM" duration-ms="10901" started-at="2020-06-13T23:58:48Z" finished-at="2020-06-13T23:58:59Z">
    <groups>
    </groups>
    <test name="Test" duration-ms="10901" started-at="2020-06-13T23:58:48Z" finished-at="2020-06-13T23:58:59Z">
      <class name="com.crm.test.ContactPageTest">
        <test-method status="FAIL" signature="Login(java.lang.String)[pri:0, instance:com.crm.test.ContactPageTest@47b92]" name="Login" is-config="true" duration-ms="0" started-at="2020-06-14T00:58:50Z" finished-at="2020-06-14T00:58:50Z">
          <params>
            <param index="0">
              <value>
                <![CDATA[chrome]]>
              </value>
            </param>
          </params>
          <exception class="org.openqa.selenium.SessionNotCreatedException">
            <message>
              <![CDATA[session not created: This version of ChromeDriver only supports Chrome version 80
Build info: version: '3.13.0', revision: '2f0d292', time: '2018-06-25T15:24:21.231Z'
System info: host: 'CYRINE', ip: '192.168.1.7', os.name: 'Windows 10', os.arch: 'x86', os.version: '10.0', java.version: '1.8.0_231'
Driver info: driver.version: ChromeDriver
remote stacktrace: Backtrace:
	Ordinal0 [0x00FB0C83+1707139]
	Ordinal0 [0x00F168F1+1075441]
	Ordinal0 [0x00E8DFC9+516041]
	Ordinal0 [0x00E20554+66900]
	Ordinal0 [0x00E1CCE2+52450]
	Ordinal0 [0x00E3BFD7+180183]
	Ordinal0 [0x00E3BDDD+179677]
	Ordinal0 [0x00E39D4B+171339]
	Ordinal0 [0x00E21D4A+73034]
	Ordinal0 [0x00E22DC0+77248]
	Ordinal0 [0x00E22D59+77145]
	Ordinal0 [0x00F2BB67+1162087]
	GetHandleVerifier [0x0104A966+508998]
	GetHandleVerifier [0x0104A6A4+508292]
	GetHandleVerifier [0x0105F7B7+594583]
	GetHandleVerifier [0x0104B1D6+511158]
	Ordinal0 [0x00F2402C+1130540]
	Ordinal0 [0x00F2D4CB+1168587]
	Ordinal0 [0x00F2D633+1168947]
	Ordinal0 [0x00F45B35+1268533]
	BaseThreadInitThunk [0x747C6359+25]
	RtlGetAppContainerNamedObjectPath [0x76FC7C24+228]
	RtlGetAppContainerNamedObjectPath [0x76FC7BF4+180]
]]>
            </message>
            <full-stacktrace>
              <![CDATA[org.openqa.selenium.SessionNotCreatedException: session not created: This version of ChromeDriver only supports Chrome version 80
Build info: version: '3.13.0', revision: '2f0d292', time: '2018-06-25T15:24:21.231Z'
System info: host: 'CYRINE', ip: '192.168.1.7', os.name: 'Windows 10', os.arch: 'x86', os.version: '10.0', java.version: '1.8.0_231'
Driver info: driver.version: ChromeDriver
remote stacktrace: Backtrace:
	Ordinal0 [0x00FB0C83+1707139]
	Ordinal0 [0x00F168F1+1075441]
	Ordinal0 [0x00E8DFC9+516041]
	Ordinal0 [0x00E20554+66900]
	Ordinal0 [0x00E1CCE2+52450]
	Ordinal0 [0x00E3BFD7+180183]
	Ordinal0 [0x00E3BDDD+179677]
	Ordinal0 [0x00E39D4B+171339]
	Ordinal0 [0x00E21D4A+73034]
	Ordinal0 [0x00E22DC0+77248]
	Ordinal0 [0x00E22D59+77145]
	Ordinal0 [0x00F2BB67+1162087]
	GetHandleVerifier [0x0104A966+508998]
	GetHandleVerifier [0x0104A6A4+508292]
	GetHandleVerifier [0x0105F7B7+594583]
	GetHandleVerifier [0x0104B1D6+511158]
	Ordinal0 [0x00F2402C+1130540]
	Ordinal0 [0x00F2D4CB+1168587]
	Ordinal0 [0x00F2D633+1168947]
	Ordinal0 [0x00F45B35+1268533]
	BaseThreadInitThunk [0x747C6359+25]
	RtlGetAppContainerNamedObjectPath [0x76FC7C24+228]
	RtlGetAppContainerNamedObjectPath [0x76FC7BF4+180]

	at sun.reflect.NativeConstructorAccessorImpl.newInstance0(Native Method)
	at sun.reflect.NativeConstructorAccessorImpl.newInstance(NativeConstructorAccessorImpl.java:62)
	at sun.reflect.DelegatingConstructorAccessorImpl.newInstance(DelegatingConstructorAccessorImpl.java:45)
	at java.lang.reflect.Constructor.newInstance(Constructor.java:423)
	at org.openqa.selenium.remote.W3CHandshakeResponse.lambda$new$0(W3CHandshakeResponse.java:57)
	at org.openqa.selenium.remote.W3CHandshakeResponse.lambda$getResponseFunction$2(W3CHandshakeResponse.java:104)
	at org.openqa.selenium.remote.ProtocolHandshake.lambda$createSession$0(ProtocolHandshake.java:123)
	at java.util.stream.ReferencePipeline$3$1.accept(ReferencePipeline.java:193)
	at java.util.Spliterators$ArraySpliterator.tryAdvance(Spliterators.java:958)
	at java.util.stream.ReferencePipeline.forEachWithCancel(ReferencePipeline.java:126)
	at java.util.stream.AbstractPipeline.copyIntoWithCancel(AbstractPipeline.java:499)
	at java.util.stream.AbstractPipeline.copyInto(AbstractPipeline.java:486)
	at java.util.stream.AbstractPipeline.wrapAndCopyInto(AbstractPipeline.java:472)
	at java.util.stream.FindOps$FindOp.evaluateSequential(FindOps.java:152)
	at java.util.stream.AbstractPipeline.evaluate(AbstractPipeline.java:234)
	at java.util.stream.ReferencePipeline.findFirst(ReferencePipeline.java:464)
	at org.openqa.selenium.remote.ProtocolHandshake.createSession(ProtocolHandshake.java:126)
	at org.openqa.selenium.remote.ProtocolHandshake.createSession(ProtocolHandshake.java:73)
	at org.openqa.selenium.remote.HttpCommandExecutor.execute(HttpCommandExecutor.java:136)
	at org.openqa.selenium.remote.service.DriverCommandExecutor.execute(DriverCommandExecutor.java:83)
	at org.openqa.selenium.remote.RemoteWebDriver.execute(RemoteWebDriver.java:548)
	at org.openqa.selenium.remote.RemoteWebDriver.startSession(RemoteWebDriver.java:212)
	at org.openqa.selenium.remote.RemoteWebDriver.<init>(RemoteWebDriver.java:130)
	at org.openqa.selenium.chrome.ChromeDriver.<init>(ChromeDriver.java:181)
	at org.openqa.selenium.chrome.ChromeDriver.<init>(ChromeDriver.java:168)
	at org.openqa.selenium.chrome.ChromeDriver.<init>(ChromeDriver.java:123)
	at com.crm.base.TestBase.initialization(TestBase.java:33)
	at com.crm.test.ContactPageTest.Login(ContactPageTest.java:32)
	at sun.reflect.NativeMethodAccessorImpl.invoke0(Native Method)
	at sun.reflect.NativeMethodAccessorImpl.invoke(NativeMethodAccessorImpl.java:62)
	at sun.reflect.DelegatingMethodAccessorImpl.invoke(DelegatingMethodAccessorImpl.java:43)
	at java.lang.reflect.Method.invoke(Method.java:498)
	at org.testng.internal.MethodInvocationHelper.invokeMethod(MethodInvocationHelper.java:84)
	at org.testng.internal.Invoker.invokeConfigurationMethod(Invoker.java:564)
	at org.testng.internal.Invoker.invokeConfigurations(Invoker.java:213)
	at org.testng.internal.Invoker.invokeMethod(Invoker.java:653)
	at org.testng.internal.Invoker.invokeTestMethod(Invoker.java:901)
	at org.testng.internal.Invoker.invokeTestMethods(Invoker.java:1231)
	at org.testng.internal.TestMethodWorker.invokeTestMethods(TestMethodWorker.java:127)
	at org.testng.internal.TestMethodWorker.run(TestMethodWorker.java:111)
	at org.testng.TestRunner.privateRun(TestRunner.java:767)
	at org.testng.TestRunner.run(TestRunner.java:617)
	at org.testng.SuiteRunner.runTest(SuiteRunner.java:348)
	at org.testng.SuiteRunner.runSequentially(SuiteRunner.java:343)
	at org.testng.SuiteRunner.privateRun(SuiteRunner.java:305)
	at org.testng.SuiteRunner.run(SuiteRunner.java:254)
	at org.testng.SuiteRunnerWorker.runSuite(SuiteRunnerWorker.java:52)
	at org.testng.SuiteRunnerWorker.run(SuiteRunnerWorker.java:86)
	at org.testng.TestNG.runSuitesSequentially(TestNG.java:1224)
	at org.testng.TestNG.runSuitesLocally(TestNG.java:1149)
	at org.testng.TestNG.run(TestNG.java:1057)
	at org.apache.maven.surefire.testng.TestNGExecutor.run(TestNGExecutor.java:283)
	at org.apache.maven.surefire.testng.TestNGXmlTestSuite.execute(TestNGXmlTestSuite.java:75)
	at org.apache.maven.surefire.testng.TestNGProvider.invoke(TestNGProvider.java:120)
	at org.apache.maven.surefire.booter.ForkedBooter.invokeProviderInSameClassLoader(ForkedBooter.java:383)
	at org.apache.maven.surefire.booter.ForkedBooter.runSuitesInProcess(ForkedBooter.java:344)
	at org.apache.maven.surefire.booter.ForkedBooter.execute(ForkedBooter.java:125)
	at org.apache.maven.surefire.booter.ForkedBooter.main(ForkedBooter.java:417)
]]>
            </full-stacktrace>
          </exception> <!-- org.openqa.selenium.SessionNotCreatedException -->
          <reporter-output>
          </reporter-output>
        </test-method> <!-- Login -->
        <test-method status="SKIP" signature="addContact(java.lang.String, java.lang.String, java.lang.String, java.lang.String)[pri:0, instance:com.crm.test.ContactPageTest@47b92]" name="addContact" duration-ms="2" started-at="2020-06-14T00:58:59Z" data-provider="testData" finished-at="2020-06-14T00:58:59Z">
          <params>
            <param index="0">
              <value>
                <![CDATA[firstname]]>
              </value>
            </param>
            <param index="1">
              <value>
                <![CDATA[lastname]]>
              </value>
            </param>
            <param index="2">
              <value>
                <![CDATA[company]]>
              </value>
            </param>
            <param index="3">
              <value>
                <![CDATA[department]]>
              </value>
            </param>
          </params>
          <reporter-output>
          </reporter-output>
        </test-method> <!-- addContact -->
        <test-method status="SKIP" signature="down()[pri:0, instance:com.crm.test.ContactPageTest@47b92]" name="down" is-config="true" duration-ms="0" started-at="2020-06-14T00:58:59Z" finished-at="2020-06-14T00:58:59Z">
          <reporter-output>
          </reporter-output>
        </test-method> <!-- down -->
        <test-method status="SKIP" signature="addContact(java.lang.String, java.lang.String, java.lang.String, java.lang.String)[pri:0, instance:com.crm.test.ContactPageTest@47b92]" name="addContact" duration-ms="0" started-at="2020-06-14T00:58:59Z" data-provider="testData" finished-at="2020-06-14T00:58:59Z">
          <params>
            <param index="0">
              <value>
                <![CDATA[yefrni]]>
              </value>
            </param>
            <param index="1">
              <value>
                <![CDATA[cyrine]]>
              </value>
            </param>
            <param index="2">
              <value>
                <![CDATA[ZOOM]]>
              </value>
            </param>
            <param index="3">
              <value>
                <![CDATA[qa]]>
              </value>
            </param>
          </params>
          <reporter-output>
          </reporter-output>
        </test-method> <!-- addContact -->
        <test-method status="SKIP" signature="Login(java.lang.String)[pri:0, instance:com.crm.test.ContactPageTest@47b92]" name="Login" is-config="true" duration-ms="0" started-at="2020-06-14T00:58:59Z" finished-at="2020-06-14T00:58:59Z">
          <reporter-output>
          </reporter-output>
        </test-method> <!-- Login -->
        <test-method status="SKIP" signature="down()[pri:0, instance:com.crm.test.ContactPageTest@47b92]" name="down" is-config="true" duration-ms="0" started-at="2020-06-14T00:58:59Z" finished-at="2020-06-14T00:58:59Z">
          <reporter-output>
          </reporter-output>
        </test-method> <!-- down -->
        <test-method status="SKIP" signature="Login(java.lang.String)[pri:0, instance:com.crm.test.ContactPageTest@47b92]" name="Login" is-config="true" duration-ms="0" started-at="2020-06-14T00:58:59Z" finished-at="2020-06-14T00:58:59Z">
          <reporter-output>
          </reporter-output>
        </test-method> <!-- Login -->
        <test-method status="SKIP" signature="addContact(java.lang.String, java.lang.String, java.lang.String, java.lang.String)[pri:0, instance:com.crm.test.ContactPageTest@47b92]" name="addContact" duration-ms="0" started-at="2020-06-14T00:58:59Z" data-provider="testData" finished-at="2020-06-14T00:58:59Z">
          <params>
            <param index="0">
              <value>
                <![CDATA[yahmadi]]>
              </value>
            </param>
            <param index="1">
              <value>
                <![CDATA[jihen]]>
              </value>
            </param>
            <param index="2">
              <value>
                <![CDATA[IO]]>
              </value>
            </param>
            <param index="3">
              <value>
                <![CDATA[dev]]>
              </value>
            </param>
          </params>
          <reporter-output>
          </reporter-output>
        </test-method> <!-- addContact -->
        <test-method status="SKIP" signature="down()[pri:0, instance:com.crm.test.ContactPageTest@47b92]" name="down" is-config="true" duration-ms="0" started-at="2020-06-14T00:58:59Z" finished-at="2020-06-14T00:58:59Z">
          <reporter-output>
          </reporter-output>
        </test-method> <!-- down -->
      </class> <!-- com.crm.test.ContactPageTest -->
    </test> <!-- Test -->
  </suite> <!-- Suite CRM -->
</testng-results>
