<?xml version="1.0" encoding="UTF-8"?>
<!-- Generated by org.testng.reporters.JUnitXMLReporter -->
<testsuite hostname="DESKTOP-6C2NN8B" name="Test" tests="4" failures="0" timestamp="14 Jun 2020 15:28:35 GMT" time="48.321" errors="0">
  <testcase name="titletest" time="1.492" classname="com.crm.test.LoginPageTest"/>
  <testcase name="checkUrl" time="1.621" classname="com.crm.test.LoginPageTest"/>
  <testcase name="TestLogo" time="1.689" classname="com.crm.test.LoginPageTest"/>
  <testcase name="Login" time="6.657" classname="com.crm.test.LoginPageTest"/>
</testsuite> <!-- Test -->
